
# 21.7s user time, 30ms system time, 34.75M rss, 41.98M vsz
# Current date: Sat Aug 21 10:44:35 2021
# Hostname: ip-192-168-0-11
# Files: /var/log/mysql/mysql-slow.log
# Overall: 280.20k total, 95 unique, 2.06k QPS, 4.05x concurrency ________
# Time range: 2021-08-21 10:40:01 to 10:42:17
# Attribute          total     min     max     avg     95%  stddev  median
# ============     ======= ======= ======= ======= ======= ======= =======
# Exec time           550s       0   360ms     2ms     1ms    17ms    38us
# Lock time             3s       0    40ms    10us    17us   130us       0
# Rows sent        660.87k       0   1.64k    2.42    0.99   39.23       0
# Rows examine     131.35M       0  71.54k  491.55       0   4.55k       0
# Rows affecte      70.06k       0     618    0.26    0.99    1.20       0
# Bytes sent       240.87M       0 646.20k  901.41  537.02   8.98k   12.54
# Query size        26.86M       6 790.36k  100.51  258.32   1.51k   31.70
# Boolean:
# QC hit         3% yes,  96% no

# Profile
# Rank Query ID                            Response time  Calls  R/Call V/
# ==== =================================== ============== ====== ====== ==
#    1 0x8155B89FFD74A9D523D19AC409FD97AF  328.6208 59.7%   2235 0.1470  0.06 SELECT isu_condition
#    2 0x931A992E852C61FC6D46141A39DEF4FE  163.3262 29.7%   2971 0.0550  0.06 SELECT isu_condition
#    3 0xDA556F9115773A1A99AA0165670CE848   18.0225  3.3%  88251 0.0002  0.00 ADMIN PREPARE
#    4 0xB8B32624C3268C0925657C305C0ED778   17.1785  3.1%  70951 0.0002  0.00 INSERT isu_condition
# MISC 0xMISC                               23.2695  4.2% 115788 0.0002   0.0 <91 ITEMS>

# Query 1: 32.87 QPS, 4.83x concurrency, ID 0x8155B89FFD74A9D523D19AC409FD97AF at byte 88784252
# This item is included in the report because it matches --limit.
# Scores: V/M = 0.06
# Time range: 2021-08-21 10:41:07 to 10:42:15
# Attribute    pct   total     min     max     avg     95%  stddev  median
# ============ === ======= ======= ======= ======= ======= ======= =======
# Count          0    2235
# Exec time     59    329s   204us   360ms   147ms   293ms    91ms   155ms
# Lock time      4   140ms     6us    12ms    62us    84us   428us    11us
# Rows sent      0   2.12k       0       1    0.97    0.99    0.17    0.99
# Rows examine  65  86.50M     619  69.89k  39.63k  68.96k  22.00k  42.34k
# Rows affecte   0       0       0       0       0       0       0       0
# Bytes sent     0   1.58M     589     789  741.19  755.64   29.89  719.66
# Query size     0 272.83k     125     125     125     125       0     125
# String:
# Databases    isucondition
# Hosts        localhost
# Users        isucon
# Query_time distribution
#   1us
#  10us
# 100us  ###
#   1ms  ######
#  10ms  #######################
# 100ms  ################################################################
#    1s
#  10s+
# Tables
#    SHOW TABLE STATUS FROM `isucondition` LIKE 'isu_condition'\G
#    SHOW CREATE TABLE `isucondition`.`isu_condition`\G
# EXPLAIN /*!50100 PARTITIONS*/
SELECT * FROM `isu_condition` WHERE `jia_isu_uuid` = '0f80640c-ed1e-48dc-a91e-a89c5d9e66e3' ORDER BY `timestamp` DESC LIMIT 1\G

# Query 2: 42.44 QPS, 2.33x concurrency, ID 0x931A992E852C61FC6D46141A39DEF4FE at byte 87641887
# This item is included in the report because it matches --limit.
# Scores: V/M = 0.06
# Time range: 2021-08-21 10:41:07 to 10:42:17
# Attribute    pct   total     min     max     avg     95%  stddev  median
# ============ === ======= ======= ======= ======= ======= ======= =======
# Count          1    2971
# Exec time     29    163s     9us   357ms    55ms   171ms    56ms    36ms
# Lock time      7   227ms       0    40ms    76us   125us   842us    12us
# Rows sent     90 598.03k       0   1.64k  206.12  874.75  315.16   69.19
# Rows examine  31  41.89M       0  71.54k  14.44k  62.55k  16.26k   8.46k
# Rows affecte   0       0       0       0       0       0       0       0
# Bytes sent    38  92.72M     589 265.95k  31.96k 143.37k  48.82k  10.80k
# Query size     1 333.66k     115     115     115     115       0     115
# Boolean:
# QC hit         7% yes,  92% no
# String:
# Databases    isucondition
# Hosts        localhost
# Users        isucon
# Query_time distribution
#   1us  #
#  10us  #######
# 100us  ####
#   1ms  ###########
#  10ms  ################################################################
# 100ms  ####################
#    1s
#  10s+
# Tables
#    SHOW TABLE STATUS FROM `isucondition` LIKE 'isu_condition'\G
#    SHOW CREATE TABLE `isucondition`.`isu_condition`\G
# EXPLAIN /*!50100 PARTITIONS*/
SELECT * FROM `isu_condition` WHERE `jia_isu_uuid` = '67725eff-8738-4d97-b1cb-e7ede2408a99' ORDER BY timestamp DESC\G

# Query 3: 1.18k QPS, 0.24x concurrency, ID 0xDA556F9115773A1A99AA0165670CE848 at byte 16547725
# This item is included in the report because it matches --limit.
# Scores: V/M = 0.00
# Time range: 2021-08-21 10:41:02 to 10:42:17
# Attribute    pct   total     min     max     avg     95%  stddev  median
# ============ === ======= ======= ======= ======= ======= ======= =======
# Count         31   88251
# Exec time      3     18s    14us    21ms   204us   925us   540us    54us
# Lock time      0       0       0       0       0       0       0       0
# Rows sent      0       0       0       0       0       0       0       0
# Rows examine   0       0       0       0       0       0       0       0
# Rows affecte   0       0       0       0       0       0       0       0
# Bytes sent     6  15.94M      52     681  189.35  621.67  125.48  158.58
# Query size     9   2.52M      30      30      30      30       0      30
# String:
# Databases    isucondition
# Hosts        localhost
# Users        isucon
# Query_time distribution
#   1us
#  10us  ################################################################
# 100us  ####################
#   1ms  ####
#  10ms  #
# 100ms
#    1s
#  10s+
administrator command: Prepare\G

# Query 4: 1.06k QPS, 0.26x concurrency, ID 0xB8B32624C3268C0925657C305C0ED778 at byte 17785519
# This item is included in the report because it matches --limit.
# Scores: V/M = 0.00
# Time range: 2021-08-21 10:41:07 to 10:42:14
# Attribute    pct   total     min     max     avg     95%  stddev  median
# ============ === ======= ======= ======= ======= ======= ======= =======
# Count         25   70951
# Exec time      3     17s    18us    53ms   242us   881us     1ms    49us
# Lock time     82      2s     6us    11ms    34us    69us   160us    12us
# Rows sent      0       0       0       0       0       0       0       0
# Rows examine   0       0       0       0       0       0       0       0
# Rows affecte  98  69.29k       1       1       1       1       0       1
# Bytes sent     0 906.64k      13      14   13.09   13.83    0.36   12.54
# Query size    65  17.55M     225     302  259.44  284.79   14.51  258.32
# String:
# Databases    isucondition
# Hosts        localhost
# Users        isucon
# Query_time distribution
#   1us
#  10us  ################################################################
# 100us  #############
#   1ms  ###
#  10ms  #
# 100ms
#    1s
#  10s+
# Tables
#    SHOW TABLE STATUS FROM `isucondition` LIKE 'isu_condition'\G
#    SHOW CREATE TABLE `isucondition`.`isu_condition`\G
INSERT INTO `isu_condition`	(`jia_isu_uuid`, `timestamp`, `is_sitting`, `condition`, `message`)	VALUES ('3134beaf-d971-475e-beba-a364a8fc661d', '2021-08-12 15:04:24', 1, 'is_dirty=true,is_overweight=true,is_broken=true', '改善しないなら座らせない！')\G
