
# 27.5s user time, 50ms system time, 34.42M rss, 41.63M vsz
# Current date: Sat Aug 21 11:28:04 2021
# Hostname: ip-192-168-0-11
# Files: /var/log/mysql/mysql-slow.log
# Overall: 356.10k total, 70 unique, 1.66k QPS, 1.24x concurrency ________
# Time range: 2021-08-21 11:17:12 to 11:20:46
# Attribute          total     min     max     avg     95%  stddev  median
# ============     ======= ======= ======= ======= ======= ======= =======
# Exec time           265s       0   153ms   745us     2ms     5ms    35us
# Lock time             4s       0    30ms    10us    16us   163us       0
# Rows sent          3.54M       0   1.60k   10.41    0.99   86.21       0
# Rows examine       8.70M       0   3.19k   25.61       0  187.92       0
# Rows affecte      72.29k       0     618    0.21    0.99    1.07       0
# Bytes sent       861.53M       0 267.32k   2.48k  755.64  15.47k   12.54
# Query size        30.96M       6 790.36k   91.16  258.32   1.34k   31.70
# Boolean:
# QC hit         6% yes,  93% no

# Profile
# Rank Query ID                            Response time Calls  R/Call V/M
# ==== =================================== ============= ====== ====== ===
#    1 0x931A992E852C61FC6D46141A39DEF4FE  95.0240 35.8%   8108 0.0117  0.02 SELECT isu_condition
#    2 0x9C6C682008AE0D08F3E2A0049B030C70  57.6216 21.7%   2177 0.0265  0.02 SELECT isu_condition
#    3 0x8155B89FFD74A9D523D19AC409FD97AF  30.9290 11.7%   2688 0.0115  0.02 SELECT isu_condition
#    4 0xB8B32624C3268C0925657C305C0ED778  29.0761 11.0%  73261 0.0004  0.01 INSERT isu_condition
#    5 0xDA556F9115773A1A99AA0165670CE848  22.4183  8.4% 112875 0.0002  0.00 ADMIN PREPARE
#    6 0x5F580A12ADA1633C9634298BE5BD9422  16.5948  6.3%    624 0.0266  0.02 SELECT isu_condition
#    7 0xFFFCA4D67EA0A788813031B8BBC3B329   5.6230  2.1%   8523 0.0007  0.01 COMMIT
# MISC 0xMISC                               8.0853  3.0% 147844 0.0001   0.0 <63 ITEMS>

# Query 1: 132.92 QPS, 1.56x concurrency, ID 0x931A992E852C61FC6D46141A39DEF4FE at byte 113291518
# Scores: V/M = 0.02
# Time range: 2021-08-21 11:17:38 to 11:18:39
# Attribute    pct   total     min     max     avg     95%  stddev  median
# ============ === ======= ======= ======= ======= ======= ======= =======
# Count          2    8108
# Exec time     35     95s     9us   153ms    12ms    51ms    17ms     4ms
# Lock time     15   584ms       0    30ms    72us   125us   735us    11us
# Rows sent     60   2.13M       0   1.60k  275.53   1.04k  358.43   76.28
# Rows examine  48   4.25M       0   3.19k  549.86   2.16k  717.89  158.58
# Rows affecte   0       0       0       0       0       0       0       0
# Bytes sent    38 331.51M     589 267.32k  41.87k 165.97k  54.19k  12.50k
# Query size     2 910.57k     115     115     115     115       0     115
# Boolean:
# QC hit         2% yes,  97% no
# String:
# Databases    isucondition
# Hosts        localhost
# Users        isucon
# Query_time distribution
#   1us  #
#  10us  ###
# 100us  #############################################
#   1ms  ################################################################
#  10ms  #########################################################
# 100ms  #
#    1s
#  10s+
# Tables
#    SHOW TABLE STATUS FROM `isucondition` LIKE 'isu_condition'\G
#    SHOW CREATE TABLE `isucondition`.`isu_condition`\G
# EXPLAIN /*!50100 PARTITIONS*/
SELECT * FROM `isu_condition` WHERE `jia_isu_uuid` = 'a31f6f5e-0285-490a-b792-1643d04f7599' ORDER BY timestamp DESC\G

# Query 2: 35.69 QPS, 0.94x concurrency, ID 0x9C6C682008AE0D08F3E2A0049B030C70 at byte 113291110
# Scores: V/M = 0.02
# Time range: 2021-08-21 11:17:38 to 11:18:39
# Attribute    pct   total     min     max     avg     95%  stddev  median
# ============ === ======= ======= ======= ======= ======= ======= =======
# Count          0    2177
# Exec time     21     58s   106us   129ms    26ms    68ms    21ms    20ms
# Lock time      3   124ms     7us    12ms    57us   131us   369us    13us
# Rows sent     27 984.97k       0   1.55k  463.30   1.04k  325.24  381.65
# Rows examine  27   2.40M       0   3.10k   1.13k   2.27k  695.93 1012.63
# Rows affecte   0       0       0       0       0       0       0       0
# Bytes sent    17 148.93M     589 247.24k  70.05k 165.97k  49.43k  59.57k
# Query size     1 333.78k     157     157     157     157       0     157
# String:
# Databases    isucondition
# Hosts        localhost
# Users        isucon
# Query_time distribution
#   1us
#  10us
# 100us  ###
#   1ms  ###################
#  10ms  ################################################################
# 100ms  #
#    1s
#  10s+
# Tables
#    SHOW TABLE STATUS FROM `isucondition` LIKE 'isu_condition'\G
#    SHOW CREATE TABLE `isucondition`.`isu_condition`\G
# EXPLAIN /*!50100 PARTITIONS*/
SELECT * FROM `isu_condition` WHERE `jia_isu_uuid` = '62a42779-1d0a-45f4-8064-4585c85a086f'	AND `timestamp` < '2021-08-27 02:42:24'	ORDER BY `timestamp` DESC\G

# Query 3: 43.35 QPS, 0.50x concurrency, ID 0x8155B89FFD74A9D523D19AC409FD97AF at byte 112996132
# Scores: V/M = 0.02
# Time range: 2021-08-21 11:17:37 to 11:18:39
# Attribute    pct   total     min     max     avg     95%  stddev  median
# ============ === ======= ======= ======= ======= ======= ======= =======
# Count          0    2688
# Exec time     11     31s    67us   110ms    12ms    40ms    13ms     6ms
# Lock time      5   218ms     6us    24ms    81us   103us   762us    11us
# Rows sent      0   2.57k       0       1    0.98    0.99    0.14    0.99
# Rows examine  13   1.16M       0   1.58k  452.97   1.14k  368.11  346.17
# Rows affecte   0       0       0       0       0       0       0       0
# Bytes sent     0   1.90M     589     789  739.63  755.64   25.06  719.66
# Query size     1 328.12k     125     125     125     125       0     125
# String:
# Databases    isucondition
# Hosts        localhost
# Users        isucon
# Query_time distribution
#   1us
#  10us  #
# 100us  ##########################
#   1ms  ################################################################
#  10ms  ############################################################
# 100ms  #
#    1s
#  10s+
# Tables
#    SHOW TABLE STATUS FROM `isucondition` LIKE 'isu_condition'\G
#    SHOW CREATE TABLE `isucondition`.`isu_condition`\G
# EXPLAIN /*!50100 PARTITIONS*/
SELECT * FROM `isu_condition` WHERE `jia_isu_uuid` = '6a48e11f-0fdd-464a-9c29-83faa24066bd' ORDER BY `timestamp` DESC LIMIT 1\G

# Query 4: 1.22k QPS, 0.48x concurrency, ID 0xB8B32624C3268C0925657C305C0ED778 at byte 116663003
# Scores: V/M = 0.01
# Time range: 2021-08-21 11:17:39 to 11:18:39
# Attribute    pct   total     min     max     avg     95%  stddev  median
# ============ === ======= ======= ======= ======= ======= ======= =======
# Count         20   73261
# Exec time     10     29s    22us    43ms   396us     2ms     1ms    54us
# Lock time     70      3s     5us    17ms    36us    63us   191us    12us
# Rows sent      0       0       0       0       0       0       0       0
# Rows examine   0       0       0       0       0       0       0       0
# Rows affecte  98  71.54k       1       1       1       1       0       1
# Bytes sent     0 938.22k      13      14   13.11   13.83    0.41   12.54
# Query size    58  17.96M     225     302  257.05  271.23   13.20  246.02
# String:
# Databases    isucondition
# Hosts        localhost
# Users        isucon
# Query_time distribution
#   1us
#  10us  ################################################################
# 100us  #################
#   1ms  #######
#  10ms  #
# 100ms
#    1s
#  10s+
# Tables
#    SHOW TABLE STATUS FROM `isucondition` LIKE 'isu_condition'\G
#    SHOW CREATE TABLE `isucondition`.`isu_condition`\G
INSERT INTO `isu_condition`	(`jia_isu_uuid`, `timestamp`, `is_sitting`, `condition`, `message`)	VALUES ('759e1d57-9f70-425b-aad9-df730ad32821', '2021-08-30 05:22:57', 0, 'is_dirty=true,is_overweight=false,is_broken=true', '直してキレイにしていただけますか？')\G

# Query 5: 1.85k QPS, 0.37x concurrency, ID 0xDA556F9115773A1A99AA0165670CE848 at byte 85759377
# Scores: V/M = 0.00
# Time range: 2021-08-21 11:17:38 to 11:18:39
# Attribute    pct   total     min     max     avg     95%  stddev  median
# ============ === ======= ======= ======= ======= ======= ======= =======
# Count         31  112875
# Exec time      8     22s    13us    44ms   198us   799us   730us    44us
# Lock time      0       0       0       0       0       0       0       0
# Rows sent      0       0       0       0       0       0       0       0
# Rows examine   0       0       0       0       0       0       0       0
# Rows affecte   0       0       0       0       0       0       0       0
# Bytes sent     2  23.68M      52     681  219.98  621.67  169.62  158.58
# Query size    10   3.23M      30      30      30      30       0      30
# String:
# Databases    isucondition
# Hosts        localhost
# Users        isucon
# Query_time distribution
#   1us
#  10us  ################################################################
# 100us  ################
#   1ms  ###
#  10ms  #
# 100ms
#    1s
#  10s+
administrator command: Prepare\G

# Query 6: 10.23 QPS, 0.27x concurrency, ID 0x5F580A12ADA1633C9634298BE5BD9422 at byte 113286787
# Scores: V/M = 0.02
# Time range: 2021-08-21 11:17:38 to 11:18:39
# Attribute    pct   total     min     max     avg     95%  stddev  median
# ============ === ======= ======= ======= ======= ======= ======= =======
# Count          0     624
# Exec time      6     17s    17us   114ms    27ms    68ms    22ms    20ms
# Lock time      0    26ms       0     2ms    41us   108us   150us    11us
# Rows sent     11 414.58k       6   1.57k  680.34   1.33k  410.58  621.67
# Rows examine   9 828.45k       0   3.13k   1.33k   2.62k  820.83   1.26k
# Rows affecte   0       0       0       0       0       0       0       0
# Bytes sent     7  62.89M   1.48k 240.81k 103.20k 201.74k  62.67k  92.42k
# Query size     0  70.69k     116     116     116     116       0     116
# Boolean:
# QC hit         0% yes,  99% no
# String:
# Databases    isucondition
# Hosts        localhost
# Users        isucon
# Query_time distribution
#   1us
#  10us  #
# 100us  ####
#   1ms  ######################
#  10ms  ################################################################
# 100ms  #
#    1s
#  10s+
# Tables
#    SHOW TABLE STATUS FROM `isucondition` LIKE 'isu_condition'\G
#    SHOW CREATE TABLE `isucondition`.`isu_condition`\G
# EXPLAIN /*!50100 PARTITIONS*/
SELECT * FROM `isu_condition` WHERE `jia_isu_uuid` = '8ae0790b-fa6e-48e6-a5f9-35c81090dd24' ORDER BY `timestamp` ASC\G

# Query 7: 139.72 QPS, 0.09x concurrency, ID 0xFFFCA4D67EA0A788813031B8BBC3B329 at byte 116432695
# Scores: V/M = 0.01
# Time range: 2021-08-21 11:17:38 to 11:18:39
# Attribute    pct   total     min     max     avg     95%  stddev  median
# ============ === ======= ======= ======= ======= ======= ======= =======
# Count          2    8523
# Exec time      2      6s     4us    29ms   659us     3ms     2ms    38us
# Lock time      0       0       0       0       0       0       0       0
# Rows sent      0       0       0       0       0       0       0       0
# Rows examine   0       0       0       0       0       0       0       0
# Rows affecte   0       0       0       0       0       0       0       0
# Bytes sent     0  91.56k      11      11      11      11       0      11
# Query size     0  49.94k       6       6       6       6       0       6
# String:
# Databases    isucondition
# Hosts        localhost
# Users        isucon
# Query_time distribution
#   1us  ###
#  10us  ################################################################
# 100us  ########################
#   1ms  ##############
#  10ms  #
# 100ms
#    1s
#  10s+
COMMIT\G
